Feb-17-2022 09:33:01 [LOGGER] [31merror[39m: Cannot access 'a' before initialization 
ReferenceError: Cannot access 'a' before initialization
    at UserService.getAllUsers (/home/chaika/www/Projects/milestone/app/service/user.service.js:127:5)
    at getAllUsers (/home/chaika/www/Projects/milestone/app/controllers/user.controller.js:78:36)
    at Layer.handle [as handle_request] (/home/chaika/www/Projects/milestone/app/node_modules/express/lib/router/layer.js:95:5)
    at next (/home/chaika/www/Projects/milestone/app/node_modules/express/lib/router/route.js:137:13)
    at Route.dispatch (/home/chaika/www/Projects/milestone/app/node_modules/express/lib/router/route.js:112:3)
    at Layer.handle [as handle_request] (/home/chaika/www/Projects/milestone/app/node_modules/express/lib/router/layer.js:95:5)
    at /home/chaika/www/Projects/milestone/app/node_modules/express/lib/router/index.js:281:22
    at Function.process_params (/home/chaika/www/Projects/milestone/app/node_modules/express/lib/router/index.js:341:12)
    at next (/home/chaika/www/Projects/milestone/app/node_modules/express/lib/router/index.js:275:10)
    at expressInit (/home/chaika/www/Projects/milestone/app/node_modules/express/lib/middleware/init.js:40:5)

Feb-17-2022 09:33:11 [LOGGER] [31merror[39m: Cannot access 'a' before initialization 
ReferenceError: Cannot access 'a' before initialization
    at UserService.getAllUsers (/home/chaika/www/Projects/milestone/app/service/user.service.js:127:5)
    at getAllUsers (/home/chaika/www/Projects/milestone/app/controllers/user.controller.js:78:36)
    at Layer.handle [as handle_request] (/home/chaika/www/Projects/milestone/app/node_modules/express/lib/router/layer.js:95:5)
    at next (/home/chaika/www/Projects/milestone/app/node_modules/express/lib/router/route.js:137:13)
    at Route.dispatch (/home/chaika/www/Projects/milestone/app/node_modules/express/lib/router/route.js:112:3)
    at Layer.handle [as handle_request] (/home/chaika/www/Projects/milestone/app/node_modules/express/lib/router/layer.js:95:5)
    at /home/chaika/www/Projects/milestone/app/node_modules/express/lib/router/index.js:281:22
    at Function.process_params (/home/chaika/www/Projects/milestone/app/node_modules/express/lib/router/index.js:341:12)
    at next (/home/chaika/www/Projects/milestone/app/node_modules/express/lib/router/index.js:275:10)
    at expressInit (/home/chaika/www/Projects/milestone/app/node_modules/express/lib/middleware/init.js:40:5)

